<?xml version="1.0" encoding="UTF-8"?>
<!-- Generated by org.testng.reporters.JUnitReportReporter -->
<testsuite hostname="TANMOY_DATTA" failures="0" tests="4" name="testcases.LoginTest" time="21.696" errors="0" timestamp="2023-02-17T01:01:39 BDT" skipped="0">
  <testcase classname="testcases.LoginTest" name="testLoginWithInValidCredentials" time="4.343"/>
  <system-out/>
  <testcase classname="testcases.LoginTest" name="testLoginWithValidPhnInValidpasswordCredentials" time="3.894"/>
  <system-out/>
  <testcase classname="testcases.LoginTest" name="testLogInWithInvalidCredentialsUsingDataprovider" time="4.173"/>
  <system-out/>
  <testcase classname="testcases.LoginTest" name="testLogInWithInvalidCredentialsUsingDataprovider" time="9.286"/>
  <system-out/>
</testsuite> <!-- testcases.LoginTest -->
