<?xml version="1.0" encoding="UTF-8"?>
<!-- Generated by org.testng.reporters.JUnitReportReporter -->
<testsuite hostname="TANMOY_DATTA" failures="0" tests="1" name="testcases.HomePageTest" time="12.550" errors="0" timestamp="2023-02-16T15:40:03 BDT" skipped="0">
  <testcase classname="testcases.HomePageTest" name="HomePageTitle" time="12.550"/>
  <system-out/>
</testsuite> <!-- testcases.HomePageTest -->
