<?xml version="1.0" encoding="UTF-8"?>
<!-- Generated by org.testng.reporters.JUnitReportReporter -->
<testsuite hostname="TANMOY_DATTA" failures="0" tests="1" name="testcases.AsusPageTest" time="25.017" errors="0" timestamp="2023-02-03T20:49:48 BDT" skipped="0">
  <testcase classname="testcases.AsusPageTest" name="AsusHomeTitle" time="25.017"/>
  <system-out/>
</testsuite> <!-- testcases.AsusPageTest -->
