<?xml version="1.0" encoding="UTF-8"?>
<!-- Generated by org.testng.reporters.JUnitReportReporter -->
<testsuite hostname="TANMOY_DATTA" failures="0" tests="4" name="testcases.LoginTest" time="19.992" errors="0" timestamp="2023-02-16T15:40:03 BDT" skipped="0">
  <testcase classname="testcases.LoginTest" name="testLoginWithInValidCredentials" time="4.201"/>
  <system-out/>
  <testcase classname="testcases.LoginTest" name="testLoginWithValidPhnInValidpasswordCredentials" time="3.954"/>
  <system-out/>
  <testcase classname="testcases.LoginTest" name="testLogInWithInvalidCredentialsUsingDataprovider" time="7.640"/>
  <system-out/>
  <testcase classname="testcases.LoginTest" name="testLogInWithInvalidCredentialsUsingDataprovider" time="4.197"/>
  <system-out/>
</testsuite> <!-- testcases.LoginTest -->
