<?xml version="1.0" encoding="UTF-8"?>
<!-- Generated by org.testng.reporters.JUnitReportReporter -->
<testsuite hostname="TANMOY_DATTA" failures="0" tests="4" name="testcases.LoginTest" time="24.570" errors="0" timestamp="2023-02-15T17:23:32 BDT" skipped="0">
  <testcase classname="testcases.LoginTest" name="testLoginWithInValidCredentials" time="4.438"/>
  <system-out/>
  <testcase classname="testcases.LoginTest" name="testLoginWithValidPhnInValidpasswordCredentials" time="3.740"/>
  <system-out/>
  <testcase classname="testcases.LoginTest" name="testLogInWithInvalidCredentialsUsingDataprovider" time="11.254"/>
  <system-out/>
  <testcase classname="testcases.LoginTest" name="testLogInWithInvalidCredentialsUsingDataprovider" time="5.138"/>
  <system-out/>
</testsuite> <!-- testcases.LoginTest -->
