<?xml version="1.0" encoding="UTF-8"?>
<!-- Generated by org.testng.reporters.JUnitReportReporter -->
<testsuite hostname="TANMOY_DATTA" failures="0" tests="1" name="testcases.AsusPageTest" time="6.354" errors="0" timestamp="2023-02-14T19:26:27 BDT" skipped="0">
  <testcase classname="testcases.AsusPageTest" name="AsusHomeTitle" time="6.354"/>
  <system-out/>
</testsuite> <!-- testcases.AsusPageTest -->
