<?xml version="1.0" encoding="UTF-8"?>
<!-- Generated by org.testng.reporters.JUnitReportReporter -->
<testsuite hostname="TANMOY_DATTA" failures="0" tests="1" name="testcases.HomePageTest" time="13.309" errors="0" timestamp="2023-02-15T17:27:06 BDT" skipped="0">
  <testcase classname="testcases.HomePageTest" name="HomePageTitle" time="13.309"/>
  <system-out/>
</testsuite> <!-- testcases.HomePageTest -->
